-------------------------------------------------------------------------------
Test set: com.nttdata.runners.RunnerTest
-------------------------------------------------------------------------------
Tests run: 1, Failures: 1, Errors: 0, Skipped: 0, Time elapsed: 4.128 s <<< FAILURE! - in com.nttdata.runners.RunnerTest
Validar funcionalidad del carrito de compras.Agregar productos al carrito de compras  Time elapsed: 0.609 s  <<< FAILURE!
net.thucydides.core.pages.WrongPageError: 
The page object class com.nttdata.screens.CartScreen could not be instantiated:
Failed to instantiate page (net.thucydides.core.webdriver.DriverConfigurationError: Could not instantiate class net.thucydides.core.webdriver.ProvidedDriver)

